<?xml version="1.0" encoding="UTF-8"?>
<!-- Generated by org.testng.reporters.JUnitReportReporter -->
<testsuite hostname="LAPTOP-K8D783Q9" failures="0" tests="3" name="com.crm.qa.testcases.LoginPageTestCases" time="17.090" errors="0" timestamp="25 Jul 2024 02:58:20 GMT" skipped="0">
  <testcase classname="com.crm.qa.testcases.LoginPageTestCases" name="verifyTitleTest" time="3.571"/>
  <testcase classname="com.crm.qa.testcases.LoginPageTestCases" name="validateCrmLogoImage" time="3.680"/>
  <testcase classname="com.crm.qa.testcases.LoginPageTestCases" name="loginTest" time="9.839"/>
</testsuite> <!-- com.crm.qa.testcases.LoginPageTestCases -->
