<?xml version="1.0" encoding="UTF-8"?>
<!-- Generated by org.testng.reporters.JUnitReportReporter -->
<testsuite hostname="LAPTOP-K8D783Q9" failures="0" tests="5" name="com.crm.qa.testcases.HomePageTestCases" time="50.158" errors="0" timestamp="25 Jul 2024 02:58:20 GMT" skipped="0">
  <testcase classname="com.crm.qa.testcases.HomePageTestCases" name="verifyHomePageTitleTest" time="8.837"/>
  <testcase classname="com.crm.qa.testcases.HomePageTestCases" name="verifyUserNameTest" time="8.624"/>
  <testcase classname="com.crm.qa.testcases.HomePageTestCases" name="verifyClickOnContactsTest" time="9.377"/>
  <testcase classname="com.crm.qa.testcases.HomePageTestCases" name="verifyNewMessageCreationTest" time="11.456"/>
  <testcase classname="com.crm.qa.testcases.HomePageTestCases" name="verifyNewMessageCreationTest" time="11.864"/>
</testsuite> <!-- com.crm.qa.testcases.HomePageTestCases -->
