<?xml version="1.0" encoding="UTF-8"?>
<!-- Generated by org.testng.reporters.JUnitReportReporter -->
<testsuite hostname="LAPTOP-K8D783Q9" failures="0" tests="2" name="com.crm.qa.testcases.ContactsPageTestCases" time="19.695" errors="0" timestamp="25 Jul 2024 02:58:20 GMT" skipped="0">
  <testcase classname="com.crm.qa.testcases.ContactsPageTestCases" name="verifyContactsLable" time="9.960"/>
  <testcase classname="com.crm.qa.testcases.ContactsPageTestCases" name="selectContactsCheckboxs" time="9.735"/>
</testsuite> <!-- com.crm.qa.testcases.ContactsPageTestCases -->
